C:\Program Files (x86)\Microsoft Visual Studio\2017\Professional\Common7\IDE\VC\VCTargets\Microsoft.CppBuild.targets(391,5): warning MSB8028: The intermediate directory (Release\) contains files shared from another project (Simple_Tessellation.vcxproj, Single_Triangle.vcxproj).  This can lead to incorrect clean and rebuild behavior.
  Single_Point.cpp
c:\users\gary1\documents\github\opengl\lecture programs\include\tiny_obj_loader.h(1092): warning C4996: 'sscanf': This function or variable may be unsafe. Consider using sscanf_s instead. To disable deprecation, use _CRT_SECURE_NO_WARNINGS. See online help for details.
  c:\program files (x86)\windows kits\10\include\10.0.17763.0\ucrt\stdio.h(2263): note: see declaration of 'sscanf'
c:\users\gary1\documents\github\opengl\lecture programs\include\tiny_obj_loader.h(1116): warning C4996: 'sscanf': This function or variable may be unsafe. Consider using sscanf_s instead. To disable deprecation, use _CRT_SECURE_NO_WARNINGS. See online help for details.
  c:\program files (x86)\windows kits\10\include\10.0.17763.0\ucrt\stdio.h(2263): note: see declaration of 'sscanf'
c:\users\gary1\documents\github\opengl\lecture programs\include\common.h(164): warning C4018: '<': signed/unsigned mismatch
c:\users\gary1\documents\github\opengl\lecture programs\include\common.h(166): warning C4018: '<': signed/unsigned mismatch
c:\users\gary1\documents\github\opengl\lecture programs\source\single_point\single_point.cpp(188): warning C4018: '<': signed/unsigned mismatch
c:\users\gary1\documents\github\opengl\lecture programs\source\single_point\single_point.cpp(194): warning C4018: '<': signed/unsigned mismatch
c:\users\gary1\documents\github\opengl\lecture programs\source\single_point\single_point.cpp(242): warning C4018: '<': signed/unsigned mismatch
c:\users\gary1\documents\github\opengl\lecture programs\source\single_point\single_point.cpp(285): warning C4018: '<': signed/unsigned mismatch
c:\users\gary1\documents\github\opengl\lecture programs\source\single_point\single_point.cpp(295): warning C4018: '<': signed/unsigned mismatch
c:\users\gary1\documents\github\opengl\lecture programs\source\single_point\single_point.cpp(376): warning C4305: '=': truncation from 'double' to 'GLfloat'
c:\users\gary1\documents\github\opengl\lecture programs\source\single_point\single_point.cpp(404): warning C4996: 'chdir': The POSIX name for this item is deprecated. Instead, use the ISO C and C++ conformant name: _chdir. See online help for details.
  c:\program files (x86)\windows kits\10\include\10.0.17763.0\ucrt\direct.h(102): note: see declaration of 'chdir'
  Generating code
  2 of 1829 functions ( 0.1%) were compiled, the rest were copied from previous compilation.
    0 functions were new in current compilation
    0 functions had inline decision re-evaluated but remain unchanged
  Finished generating code
  Single_Point.vcxproj -> C:\Users\gary1\Documents\GitHub\openGL\Lecture Programs\VC10\Program 01 - OpenGL Rendering Pipeline\Release\Single_Point.exe
